<?xml version="1.0" encoding="UTF-8"?>
<testsuite xmlns:xsi="http://www.w3.org/2001/XMLSchema-instance" xsi:noNamespaceSchemaLocation="https://maven.apache.org/surefire/maven-surefire-plugin/xsd/surefire-test-report.xsd" name="org.itzixi.test.MinIOTest" time="0.847" tests="1" errors="1" skipped="0" failures="0">
  <properties>
    <property name="java.specification.version" value="17"/>
    <property name="sun.cpu.isalist" value="amd64"/>
    <property name="sun.jnu.encoding" value="GBK"/>
    <property name="java.class.path" value="D:\NewProjectT\mksz-853 SpringCloud+Netty集群实战千万级 IM系统\课程源码\wechat-dev-project\后端源码\仿微信集群(第十二章完)\wechat-dev\api\file-service-55\target\test-classes;D:\NewProjectT\mksz-853 SpringCloud+Netty集群实战千万级 IM系统\课程源码\wechat-dev-project\后端源码\仿微信集群(第十二章完)\wechat-dev\api\file-service-55\target\classes;D:\NewProjectT\mksz-853 SpringCloud+Netty集群实战千万级 IM系统\课程源码\wechat-dev-project\后端源码\仿微信集群(第十二章完)\wechat-dev\api\base-service\target\base-service-1.0-SNAPSHOT.jar;C:\repo\org\springframework\boot\spring-boot-starter-amqp\3.0.13\spring-boot-starter-amqp-3.0.13.jar;C:\repo\org\springframework\boot\spring-boot-starter\3.0.13\spring-boot-starter-3.0.13.jar;C:\repo\org\springframework\boot\spring-boot\3.0.13\spring-boot-3.0.13.jar;C:\repo\org\springframework\boot\spring-boot-autoconfigure\3.0.13\spring-boot-autoconfigure-3.0.13.jar;C:\repo\org\springframework\boot\spring-boot-starter-logging\3.0.13\spring-boot-starter-logging-3.0.13.jar;C:\repo\ch\qos\logback\logback-classic\1.4.11\logback-classic-1.4.11.jar;C:\repo\ch\qos\logback\logback-core\1.4.11\logback-core-1.4.11.jar;C:\repo\org\apache\logging\log4j\log4j-to-slf4j\2.19.0\log4j-to-slf4j-2.19.0.jar;C:\repo\org\apache\logging\log4j\log4j-api\2.19.0\log4j-api-2.19.0.jar;C:\repo\org\slf4j\jul-to-slf4j\2.0.9\jul-to-slf4j-2.0.9.jar;C:\repo\jakarta\annotation\jakarta.annotation-api\2.1.1\jakarta.annotation-api-2.1.1.jar;C:\repo\org\springframework\spring-core\6.0.14\spring-core-6.0.14.jar;C:\repo\org\springframework\spring-jcl\6.0.14\spring-jcl-6.0.14.jar;C:\repo\org\yaml\snakeyaml\1.33\snakeyaml-1.33.jar;C:\repo\org\springframework\spring-messaging\6.0.14\spring-messaging-6.0.14.jar;C:\repo\org\springframework\spring-beans\6.0.14\spring-beans-6.0.14.jar;C:\repo\org\springframework\amqp\spring-rabbit\3.0.10\spring-rabbit-3.0.10.jar;C:\repo\org\springframework\amqp\spring-amqp\3.0.10\spring-amqp-3.0.10.jar;C:\repo\org\springframework\retry\spring-retry\2.0.4\spring-retry-2.0.4.jar;C:\repo\com\rabbitmq\amqp-client\5.16.1\amqp-client-5.16.1.jar;C:\repo\org\springframework\spring-context\6.0.14\spring-context-6.0.14.jar;C:\repo\org\springframework\spring-expression\6.0.14\spring-expression-6.0.14.jar;C:\repo\org\springframework\spring-tx\6.0.14\spring-tx-6.0.14.jar;C:\repo\io\micrometer\micrometer-observation\1.10.13\micrometer-observation-1.10.13.jar;C:\repo\io\micrometer\micrometer-commons\1.10.13\micrometer-commons-1.10.13.jar;C:\repo\io\minio\minio\8.4.5\minio-8.4.5.jar;C:\repo\com\carrotsearch\thirdparty\simple-xml-safe\2.7.1\simple-xml-safe-2.7.1.jar;C:\repo\com\google\guava\guava\30.1.1-jre\guava-30.1.1-jre.jar;C:\repo\com\google\guava\failureaccess\1.0.1\failureaccess-1.0.1.jar;C:\repo\com\google\guava\listenablefuture\9999.0-empty-to-avoid-conflict-with-guava\listenablefuture-9999.0-empty-to-avoid-conflict-with-guava.jar;C:\repo\com\google\code\findbugs\jsr305\3.0.2\jsr305-3.0.2.jar;C:\repo\org\checkerframework\checker-qual\3.8.0\checker-qual-3.8.0.jar;C:\repo\com\google\errorprone\error_prone_annotations\2.5.1\error_prone_annotations-2.5.1.jar;C:\repo\com\google\j2objc\j2objc-annotations\1.3\j2objc-annotations-1.3.jar;C:\repo\com\fasterxml\jackson\core\jackson-annotations\2.14.3\jackson-annotations-2.14.3.jar;C:\repo\com\fasterxml\jackson\core\jackson-core\2.14.3\jackson-core-2.14.3.jar;C:\repo\com\fasterxml\jackson\core\jackson-databind\2.14.3\jackson-databind-2.14.3.jar;C:\repo\org\bouncycastle\bcprov-jdk15on\1.69\bcprov-jdk15on-1.69.jar;C:\repo\org\apache\commons\commons-compress\1.21\commons-compress-1.21.jar;C:\repo\org\xerial\snappy\snappy-java\1.1.8.4\snappy-java-1.1.8.4.jar;C:\repo\com\squareup\okhttp3\okhttp\4.8.1\okhttp-4.8.1.jar;C:\repo\com\squareup\okio\okio\2.7.0\okio-2.7.0.jar;C:\repo\org\jetbrains\kotlin\kotlin-stdlib-common\1.7.22\kotlin-stdlib-common-1.7.22.jar;C:\repo\org\jetbrains\kotlin\kotlin-stdlib\1.7.22\kotlin-stdlib-1.7.22.jar;C:\repo\org\jetbrains\annotations\13.0\annotations-13.0.jar;C:\repo\org\bytedeco\javacv\1.5.6\javacv-1.5.6.jar;C:\repo\org\bytedeco\javacpp\1.5.6\javacpp-1.5.6.jar;C:\repo\org\bytedeco\openblas\0.3.17-1.5.6\openblas-0.3.17-1.5.6.jar;C:\repo\org\bytedeco\opencv\4.5.3-1.5.6\opencv-4.5.3-1.5.6.jar;C:\repo\org\bytedeco\ffmpeg\4.4-1.5.6\ffmpeg-4.4-1.5.6.jar;C:\repo\org\bytedeco\flycapture\2.13.3.31-1.5.6\flycapture-2.13.3.31-1.5.6.jar;C:\repo\org\bytedeco\libdc1394\2.2.6-1.5.6\libdc1394-2.2.6-1.5.6.jar;C:\repo\org\bytedeco\libfreenect\0.5.7-1.5.6\libfreenect-0.5.7-1.5.6.jar;C:\repo\org\bytedeco\libfreenect2\0.2.0-1.5.6\libfreenect2-0.2.0-1.5.6.jar;C:\repo\org\bytedeco\librealsense\1.12.4-1.5.6\librealsense-1.12.4-1.5.6.jar;C:\repo\org\bytedeco\librealsense2\2.44.0-1.5.6\librealsense2-2.44.0-1.5.6.jar;C:\repo\org\bytedeco\videoinput\0.200-1.5.6\videoinput-0.200-1.5.6.jar;C:\repo\org\bytedeco\artoolkitplus\2.3.1-1.5.6\artoolkitplus-2.3.1-1.5.6.jar;C:\repo\org\bytedeco\flandmark\1.07-1.5.6\flandmark-1.07-1.5.6.jar;C:\repo\org\bytedeco\leptonica\1.81.1-1.5.6\leptonica-1.81.1-1.5.6.jar;C:\repo\org\bytedeco\tesseract\4.1.1-1.5.6\tesseract-4.1.1-1.5.6.jar;C:\repo\org\bytedeco\javacv-platform\1.5.6\javacv-platform-1.5.6.jar;C:\repo\org\bytedeco\openblas-platform\0.3.17-1.5.6\openblas-platform-0.3.17-1.5.6.jar;C:\repo\org\bytedeco\openblas\0.3.17-1.5.6\openblas-0.3.17-1.5.6-android-arm.jar;C:\repo\org\bytedeco\openblas\0.3.17-1.5.6\openblas-0.3.17-1.5.6-android-arm64.jar;C:\repo\org\bytedeco\openblas\0.3.17-1.5.6\openblas-0.3.17-1.5.6-android-x86.jar;C:\repo\org\bytedeco\openblas\0.3.17-1.5.6\openblas-0.3.17-1.5.6-android-x86_64.jar;C:\repo\org\bytedeco\openblas\0.3.17-1.5.6\openblas-0.3.17-1.5.6-ios-arm64.jar;C:\repo\org\bytedeco\openblas\0.3.17-1.5.6\openblas-0.3.17-1.5.6-ios-x86_64.jar;C:\repo\org\bytedeco\openblas\0.3.17-1.5.6\openblas-0.3.17-1.5.6-linux-x86.jar;C:\repo\org\bytedeco\openblas\0.3.17-1.5.6\openblas-0.3.17-1.5.6-linux-x86_64.jar;C:\repo\org\bytedeco\openblas\0.3.17-1.5.6\openblas-0.3.17-1.5.6-linux-armhf.jar;C:\repo\org\bytedeco\openblas\0.3.17-1.5.6\openblas-0.3.17-1.5.6-linux-arm64.jar;C:\repo\org\bytedeco\openblas\0.3.17-1.5.6\openblas-0.3.17-1.5.6-linux-ppc64le.jar;C:\repo\org\bytedeco\openblas\0.3.17-1.5.6\openblas-0.3.17-1.5.6-macosx-x86_64.jar;C:\repo\org\bytedeco\openblas\0.3.17-1.5.6\openblas-0.3.17-1.5.6-windows-x86.jar;C:\repo\org\bytedeco\openblas\0.3.17-1.5.6\openblas-0.3.17-1.5.6-windows-x86_64.jar;C:\repo\org\bytedeco\opencv-platform\4.5.3-1.5.6\opencv-platform-4.5.3-1.5.6.jar;C:\repo\org\bytedeco\opencv\4.5.3-1.5.6\opencv-4.5.3-1.5.6-android-arm.jar;C:\repo\org\bytedeco\opencv\4.5.3-1.5.6\opencv-4.5.3-1.5.6-android-arm64.jar;C:\repo\org\bytedeco\opencv\4.5.3-1.5.6\opencv-4.5.3-1.5.6-android-x86.jar;C:\repo\org\bytedeco\opencv\4.5.3-1.5.6\opencv-4.5.3-1.5.6-android-x86_64.jar;C:\repo\org\bytedeco\opencv\4.5.3-1.5.6\opencv-4.5.3-1.5.6-ios-arm64.jar;C:\repo\org\bytedeco\opencv\4.5.3-1.5.6\opencv-4.5.3-1.5.6-ios-x86_64.jar;C:\repo\org\bytedeco\opencv\4.5.3-1.5.6\opencv-4.5.3-1.5.6-linux-x86.jar;C:\repo\org\bytedeco\opencv\4.5.3-1.5.6\opencv-4.5.3-1.5.6-linux-x86_64.jar;C:\repo\org\bytedeco\opencv\4.5.3-1.5.6\opencv-4.5.3-1.5.6-linux-armhf.jar;C:\repo\org\bytedeco\opencv\4.5.3-1.5.6\opencv-4.5.3-1.5.6-linux-arm64.jar;C:\repo\org\bytedeco\opencv\4.5.3-1.5.6\opencv-4.5.3-1.5.6-linux-ppc64le.jar;C:\repo\org\bytedeco\opencv\4.5.3-1.5.6\opencv-4.5.3-1.5.6-macosx-x86_64.jar;C:\repo\org\bytedeco\opencv\4.5.3-1.5.6\opencv-4.5.3-1.5.6-windows-x86.jar;C:\repo\org\bytedeco\opencv\4.5.3-1.5.6\opencv-4.5.3-1.5.6-windows-x86_64.jar;C:\repo\org\bytedeco\flycapture-platform\2.13.3.31-1.5.6\flycapture-platform-2.13.3.31-1.5.6.jar;C:\repo\org\bytedeco\flycapture\2.13.3.31-1.5.6\flycapture-2.13.3.31-1.5.6-linux-x86.jar;C:\repo\org\bytedeco\flycapture\2.13.3.31-1.5.6\flycapture-2.13.3.31-1.5.6-linux-x86_64.jar;C:\repo\org\bytedeco\flycapture\2.13.3.31-1.5.6\flycapture-2.13.3.31-1.5.6-linux-armhf.jar;C:\repo\org\bytedeco\flycapture\2.13.3.31-1.5.6\flycapture-2.13.3.31-1.5.6-linux-arm64.jar;C:\repo\org\bytedeco\flycapture\2.13.3.31-1.5.6\flycapture-2.13.3.31-1.5.6-windows-x86.jar;C:\repo\org\bytedeco\flycapture\2.13.3.31-1.5.6\flycapture-2.13.3.31-1.5.6-windows-x86_64.jar;C:\repo\org\bytedeco\libdc1394-platform\2.2.6-1.5.6\libdc1394-platform-2.2.6-1.5.6.jar;C:\repo\org\bytedeco\libdc1394\2.2.6-1.5.6\libdc1394-2.2.6-1.5.6-linux-x86.jar;C:\repo\org\bytedeco\libdc1394\2.2.6-1.5.6\libdc1394-2.2.6-1.5.6-linux-x86_64.jar;C:\repo\org\bytedeco\libdc1394\2.2.6-1.5.6\libdc1394-2.2.6-1.5.6-linux-armhf.jar;C:\repo\org\bytedeco\libdc1394\2.2.6-1.5.6\libdc1394-2.2.6-1.5.6-linux-arm64.jar;C:\repo\org\bytedeco\libdc1394\2.2.6-1.5.6\libdc1394-2.2.6-1.5.6-linux-ppc64le.jar;C:\repo\org\bytedeco\libdc1394\2.2.6-1.5.6\libdc1394-2.2.6-1.5.6-macosx-x86_64.jar;C:\repo\org\bytedeco\libdc1394\2.2.6-1.5.6\libdc1394-2.2.6-1.5.6-windows-x86.jar;C:\repo\org\bytedeco\libdc1394\2.2.6-1.5.6\libdc1394-2.2.6-1.5.6-windows-x86_64.jar;C:\repo\org\bytedeco\libfreenect-platform\0.5.7-1.5.6\libfreenect-platform-0.5.7-1.5.6.jar;C:\repo\org\bytedeco\libfreenect\0.5.7-1.5.6\libfreenect-0.5.7-1.5.6-linux-x86.jar;C:\repo\org\bytedeco\libfreenect\0.5.7-1.5.6\libfreenect-0.5.7-1.5.6-linux-x86_64.jar;C:\repo\org\bytedeco\libfreenect\0.5.7-1.5.6\libfreenect-0.5.7-1.5.6-linux-armhf.jar;C:\repo\org\bytedeco\libfreenect\0.5.7-1.5.6\libfreenect-0.5.7-1.5.6-linux-arm64.jar;C:\repo\org\bytedeco\libfreenect\0.5.7-1.5.6\libfreenect-0.5.7-1.5.6-linux-ppc64le.jar;C:\repo\org\bytedeco\libfreenect\0.5.7-1.5.6\libfreenect-0.5.7-1.5.6-macosx-x86_64.jar;C:\repo\org\bytedeco\libfreenect\0.5.7-1.5.6\libfreenect-0.5.7-1.5.6-windows-x86.jar;C:\repo\org\bytedeco\libfreenect\0.5.7-1.5.6\libfreenect-0.5.7-1.5.6-windows-x86_64.jar;C:\repo\org\bytedeco\libfreenect2-platform\0.2.0-1.5.6\libfreenect2-platform-0.2.0-1.5.6.jar;C:\repo\org\bytedeco\libfreenect2\0.2.0-1.5.6\libfreenect2-0.2.0-1.5.6-linux-x86.jar;C:\repo\org\bytedeco\libfreenect2\0.2.0-1.5.6\libfreenect2-0.2.0-1.5.6-linux-x86_64.jar;C:\repo\org\bytedeco\libfreenect2\0.2.0-1.5.6\libfreenect2-0.2.0-1.5.6-macosx-x86_64.jar;C:\repo\org\bytedeco\libfreenect2\0.2.0-1.5.6\libfreenect2-0.2.0-1.5.6-windows-x86_64.jar;C:\repo\org\bytedeco\librealsense-platform\1.12.4-1.5.6\librealsense-platform-1.12.4-1.5.6.jar;C:\repo\org\bytedeco\librealsense\1.12.4-1.5.6\librealsense-1.12.4-1.5.6-linux-armhf.jar;C:\repo\org\bytedeco\librealsense\1.12.4-1.5.6\librealsense-1.12.4-1.5.6-linux-arm64.jar;C:\repo\org\bytedeco\librealsense\1.12.4-1.5.6\librealsense-1.12.4-1.5.6-linux-x86.jar;C:\repo\org\bytedeco\librealsense\1.12.4-1.5.6\librealsense-1.12.4-1.5.6-linux-x86_64.jar;C:\repo\org\bytedeco\librealsense\1.12.4-1.5.6\librealsense-1.12.4-1.5.6-macosx-x86_64.jar;C:\repo\org\bytedeco\librealsense\1.12.4-1.5.6\librealsense-1.12.4-1.5.6-windows-x86.jar;C:\repo\org\bytedeco\librealsense\1.12.4-1.5.6\librealsense-1.12.4-1.5.6-windows-x86_64.jar;C:\repo\org\bytedeco\librealsense2-platform\2.44.0-1.5.6\librealsense2-platform-2.44.0-1.5.6.jar;C:\repo\org\bytedeco\librealsense2\2.44.0-1.5.6\librealsense2-2.44.0-1.5.6-linux-armhf.jar;C:\repo\org\bytedeco\librealsense2\2.44.0-1.5.6\librealsense2-2.44.0-1.5.6-linux-arm64.jar;C:\repo\org\bytedeco\librealsense2\2.44.0-1.5.6\librealsense2-2.44.0-1.5.6-linux-x86.jar;C:\repo\org\bytedeco\librealsense2\2.44.0-1.5.6\librealsense2-2.44.0-1.5.6-linux-x86_64.jar;C:\repo\org\bytedeco\librealsense2\2.44.0-1.5.6\librealsense2-2.44.0-1.5.6-macosx-x86_64.jar;C:\repo\org\bytedeco\librealsense2\2.44.0-1.5.6\librealsense2-2.44.0-1.5.6-windows-x86.jar;C:\repo\org\bytedeco\librealsense2\2.44.0-1.5.6\librealsense2-2.44.0-1.5.6-windows-x86_64.jar;C:\repo\org\bytedeco\videoinput-platform\0.200-1.5.6\videoinput-platform-0.200-1.5.6.jar;C:\repo\org\bytedeco\videoinput\0.200-1.5.6\videoinput-0.200-1.5.6-windows-x86.jar;C:\repo\org\bytedeco\videoinput\0.200-1.5.6\videoinput-0.200-1.5.6-windows-x86_64.jar;C:\repo\org\bytedeco\artoolkitplus-platform\2.3.1-1.5.6\artoolkitplus-platform-2.3.1-1.5.6.jar;C:\repo\org\bytedeco\artoolkitplus\2.3.1-1.5.6\artoolkitplus-2.3.1-1.5.6-android-arm.jar;C:\repo\org\bytedeco\artoolkitplus\2.3.1-1.5.6\artoolkitplus-2.3.1-1.5.6-android-arm64.jar;C:\repo\org\bytedeco\artoolkitplus\2.3.1-1.5.6\artoolkitplus-2.3.1-1.5.6-android-x86.jar;C:\repo\org\bytedeco\artoolkitplus\2.3.1-1.5.6\artoolkitplus-2.3.1-1.5.6-android-x86_64.jar;C:\repo\org\bytedeco\artoolkitplus\2.3.1-1.5.6\artoolkitplus-2.3.1-1.5.6-linux-x86.jar;C:\repo\org\bytedeco\artoolkitplus\2.3.1-1.5.6\artoolkitplus-2.3.1-1.5.6-linux-x86_64.jar;C:\repo\org\bytedeco\artoolkitplus\2.3.1-1.5.6\artoolkitplus-2.3.1-1.5.6-linux-armhf.jar;C:\repo\org\bytedeco\artoolkitplus\2.3.1-1.5.6\artoolkitplus-2.3.1-1.5.6-linux-arm64.jar;C:\repo\org\bytedeco\artoolkitplus\2.3.1-1.5.6\artoolkitplus-2.3.1-1.5.6-linux-ppc64le.jar;C:\repo\org\bytedeco\artoolkitplus\2.3.1-1.5.6\artoolkitplus-2.3.1-1.5.6-macosx-x86_64.jar;C:\repo\org\bytedeco\artoolkitplus\2.3.1-1.5.6\artoolkitplus-2.3.1-1.5.6-windows-x86.jar;C:\repo\org\bytedeco\artoolkitplus\2.3.1-1.5.6\artoolkitplus-2.3.1-1.5.6-windows-x86_64.jar;C:\repo\org\bytedeco\flandmark-platform\1.07-1.5.6\flandmark-platform-1.07-1.5.6.jar;C:\repo\org\bytedeco\flandmark\1.07-1.5.6\flandmark-1.07-1.5.6-android-arm.jar;C:\repo\org\bytedeco\flandmark\1.07-1.5.6\flandmark-1.07-1.5.6-android-arm64.jar;C:\repo\org\bytedeco\flandmark\1.07-1.5.6\flandmark-1.07-1.5.6-android-x86.jar;C:\repo\org\bytedeco\flandmark\1.07-1.5.6\flandmark-1.07-1.5.6-android-x86_64.jar;C:\repo\org\bytedeco\flandmark\1.07-1.5.6\flandmark-1.07-1.5.6-linux-x86.jar;C:\repo\org\bytedeco\flandmark\1.07-1.5.6\flandmark-1.07-1.5.6-linux-x86_64.jar;C:\repo\org\bytedeco\flandmark\1.07-1.5.6\flandmark-1.07-1.5.6-linux-armhf.jar;C:\repo\org\bytedeco\flandmark\1.07-1.5.6\flandmark-1.07-1.5.6-linux-arm64.jar;C:\repo\org\bytedeco\flandmark\1.07-1.5.6\flandmark-1.07-1.5.6-linux-ppc64le.jar;C:\repo\org\bytedeco\flandmark\1.07-1.5.6\flandmark-1.07-1.5.6-macosx-x86_64.jar;C:\repo\org\bytedeco\flandmark\1.07-1.5.6\flandmark-1.07-1.5.6-windows-x86.jar;C:\repo\org\bytedeco\flandmark\1.07-1.5.6\flandmark-1.07-1.5.6-windows-x86_64.jar;C:\repo\org\bytedeco\leptonica-platform\1.81.1-1.5.6\leptonica-platform-1.81.1-1.5.6.jar;C:\repo\org\bytedeco\leptonica\1.81.1-1.5.6\leptonica-1.81.1-1.5.6-android-arm.jar;C:\repo\org\bytedeco\leptonica\1.81.1-1.5.6\leptonica-1.81.1-1.5.6-android-arm64.jar;C:\repo\org\bytedeco\leptonica\1.81.1-1.5.6\leptonica-1.81.1-1.5.6-android-x86.jar;C:\repo\org\bytedeco\leptonica\1.81.1-1.5.6\leptonica-1.81.1-1.5.6-android-x86_64.jar;C:\repo\org\bytedeco\leptonica\1.81.1-1.5.6\leptonica-1.81.1-1.5.6-linux-x86.jar;C:\repo\org\bytedeco\leptonica\1.81.1-1.5.6\leptonica-1.81.1-1.5.6-linux-x86_64.jar;C:\repo\org\bytedeco\leptonica\1.81.1-1.5.6\leptonica-1.81.1-1.5.6-linux-armhf.jar;C:\repo\org\bytedeco\leptonica\1.81.1-1.5.6\leptonica-1.81.1-1.5.6-linux-arm64.jar;C:\repo\org\bytedeco\leptonica\1.81.1-1.5.6\leptonica-1.81.1-1.5.6-linux-ppc64le.jar;C:\repo\org\bytedeco\leptonica\1.81.1-1.5.6\leptonica-1.81.1-1.5.6-macosx-x86_64.jar;C:\repo\org\bytedeco\leptonica\1.81.1-1.5.6\leptonica-1.81.1-1.5.6-windows-x86.jar;C:\repo\org\bytedeco\leptonica\1.81.1-1.5.6\leptonica-1.81.1-1.5.6-windows-x86_64.jar;C:\repo\org\bytedeco\tesseract-platform\4.1.1-1.5.6\tesseract-platform-4.1.1-1.5.6.jar;C:\repo\org\bytedeco\tesseract\4.1.1-1.5.6\tesseract-4.1.1-1.5.6-android-arm.jar;C:\repo\org\bytedeco\tesseract\4.1.1-1.5.6\tesseract-4.1.1-1.5.6-android-arm64.jar;C:\repo\org\bytedeco\tesseract\4.1.1-1.5.6\tesseract-4.1.1-1.5.6-android-x86.jar;C:\repo\org\bytedeco\tesseract\4.1.1-1.5.6\tesseract-4.1.1-1.5.6-android-x86_64.jar;C:\repo\org\bytedeco\tesseract\4.1.1-1.5.6\tesseract-4.1.1-1.5.6-linux-x86.jar;C:\repo\org\bytedeco\tesseract\4.1.1-1.5.6\tesseract-4.1.1-1.5.6-linux-x86_64.jar;C:\repo\org\bytedeco\tesseract\4.1.1-1.5.6\tesseract-4.1.1-1.5.6-linux-armhf.jar;C:\repo\org\bytedeco\tesseract\4.1.1-1.5.6\tesseract-4.1.1-1.5.6-linux-arm64.jar;C:\repo\org\bytedeco\tesseract\4.1.1-1.5.6\tesseract-4.1.1-1.5.6-linux-ppc64le.jar;C:\repo\org\bytedeco\tesseract\4.1.1-1.5.6\tesseract-4.1.1-1.5.6-macosx-x86_64.jar;C:\repo\org\bytedeco\tesseract\4.1.1-1.5.6\tesseract-4.1.1-1.5.6-windows-x86.jar;C:\repo\org\bytedeco\tesseract\4.1.1-1.5.6\tesseract-4.1.1-1.5.6-windows-x86_64.jar;C:\repo\org\bytedeco\ffmpeg-platform\4.4-1.5.6\ffmpeg-platform-4.4-1.5.6.jar;C:\repo\org\bytedeco\javacpp-platform\1.5.6\javacpp-platform-1.5.6.jar;C:\repo\org\bytedeco\javacpp\1.5.6\javacpp-1.5.6-android-arm.jar;C:\repo\org\bytedeco\javacpp\1.5.6\javacpp-1.5.6-android-arm64.jar;C:\repo\org\bytedeco\javacpp\1.5.6\javacpp-1.5.6-android-x86.jar;C:\repo\org\bytedeco\javacpp\1.5.6\javacpp-1.5.6-android-x86_64.jar;C:\repo\org\bytedeco\javacpp\1.5.6\javacpp-1.5.6-ios-arm64.jar;C:\repo\org\bytedeco\javacpp\1.5.6\javacpp-1.5.6-ios-x86_64.jar;C:\repo\org\bytedeco\javacpp\1.5.6\javacpp-1.5.6-linux-armhf.jar;C:\repo\org\bytedeco\javacpp\1.5.6\javacpp-1.5.6-linux-arm64.jar;C:\repo\org\bytedeco\javacpp\1.5.6\javacpp-1.5.6-linux-ppc64le.jar;C:\repo\org\bytedeco\javacpp\1.5.6\javacpp-1.5.6-linux-x86.jar;C:\repo\org\bytedeco\javacpp\1.5.6\javacpp-1.5.6-linux-x86_64.jar;C:\repo\org\bytedeco\javacpp\1.5.6\javacpp-1.5.6-macosx-arm64.jar;C:\repo\org\bytedeco\javacpp\1.5.6\javacpp-1.5.6-macosx-x86_64.jar;C:\repo\org\bytedeco\javacpp\1.5.6\javacpp-1.5.6-windows-x86.jar;C:\repo\org\bytedeco\javacpp\1.5.6\javacpp-1.5.6-windows-x86_64.jar;C:\repo\org\bytedeco\ffmpeg\4.4-1.5.6\ffmpeg-4.4-1.5.6-android-arm.jar;C:\repo\org\bytedeco\ffmpeg\4.4-1.5.6\ffmpeg-4.4-1.5.6-android-arm64.jar;C:\repo\org\bytedeco\ffmpeg\4.4-1.5.6\ffmpeg-4.4-1.5.6-android-x86.jar;C:\repo\org\bytedeco\ffmpeg\4.4-1.5.6\ffmpeg-4.4-1.5.6-android-x86_64.jar;C:\repo\org\bytedeco\ffmpeg\4.4-1.5.6\ffmpeg-4.4-1.5.6-linux-x86.jar;C:\repo\org\bytedeco\ffmpeg\4.4-1.5.6\ffmpeg-4.4-1.5.6-linux-x86_64.jar;C:\repo\org\bytedeco\ffmpeg\4.4-1.5.6\ffmpeg-4.4-1.5.6-linux-armhf.jar;C:\repo\org\bytedeco\ffmpeg\4.4-1.5.6\ffmpeg-4.4-1.5.6-linux-arm64.jar;C:\repo\org\bytedeco\ffmpeg\4.4-1.5.6\ffmpeg-4.4-1.5.6-linux-ppc64le.jar;C:\repo\org\bytedeco\ffmpeg\4.4-1.5.6\ffmpeg-4.4-1.5.6-macosx-x86_64.jar;C:\repo\org\bytedeco\ffmpeg\4.4-1.5.6\ffmpeg-4.4-1.5.6-windows-x86.jar;C:\repo\org\bytedeco\ffmpeg\4.4-1.5.6\ffmpeg-4.4-1.5.6-windows-x86_64.jar;C:\repo\org\jcodec\jcodec\0.2.5\jcodec-0.2.5.jar;C:\repo\org\jcodec\jcodec-javase\0.2.5\jcodec-javase-0.2.5.jar;C:\repo\com\baidu\aip\java-sdk\4.16.8\java-sdk-4.16.8.jar;C:\repo\org\json\json\20160810\json-20160810.jar;C:\repo\org\slf4j\slf4j-api\2.0.9\slf4j-api-2.0.9.jar;C:\repo\com\googlecode\soundlibs\mp3spi\1.9.5.4\mp3spi-1.9.5.4.jar;C:\repo\com\googlecode\soundlibs\jlayer\1.0.1.4\jlayer-1.0.1.4.jar;C:\repo\junit\junit\4.13.2\junit-4.13.2.jar;C:\repo\org\hamcrest\hamcrest-core\2.2\hamcrest-core-2.2.jar;C:\repo\com\googlecode\soundlibs\tritonus-share\0.3.7.4\tritonus-share-0.3.7.4.jar;D:\NewProjectT\mksz-853 SpringCloud+Netty集群实战千万级 IM系统\课程源码\wechat-dev-project\后端源码\仿微信集群(第十二章完)\wechat-dev\wechat-pojo\target\wechat-pojo-1.0-SNAPSHOT.jar;D:\NewProjectT\mksz-853 SpringCloud+Netty集群实战千万级 IM系统\课程源码\wechat-dev-project\后端源码\仿微信集群(第十二章完)\wechat-dev\wechat-common\target\wechat-common-1.0-SNAPSHOT.jar;C:\repo\org\springframework\boot\spring-boot-starter-web\3.0.13\spring-boot-starter-web-3.0.13.jar;C:\repo\org\springframework\boot\spring-boot-starter-json\3.0.13\spring-boot-starter-json-3.0.13.jar;C:\repo\com\fasterxml\jackson\datatype\jackson-datatype-jdk8\2.14.3\jackson-datatype-jdk8-2.14.3.jar;C:\repo\com\fasterxml\jackson\datatype\jackson-datatype-jsr310\2.14.3\jackson-datatype-jsr310-2.14.3.jar;C:\repo\com\fasterxml\jackson\module\jackson-module-parameter-names\2.14.3\jackson-module-parameter-names-2.14.3.jar;C:\repo\org\springframework\boot\spring-boot-starter-tomcat\3.0.13\spring-boot-starter-tomcat-3.0.13.jar;C:\repo\org\apache\tomcat\embed\tomcat-embed-core\10.1.16\tomcat-embed-core-10.1.16.jar;C:\repo\org\apache\tomcat\embed\tomcat-embed-el\10.1.16\tomcat-embed-el-10.1.16.jar;C:\repo\org\apache\tomcat\embed\tomcat-embed-websocket\10.1.16\tomcat-embed-websocket-10.1.16.jar;C:\repo\org\springframework\spring-web\6.0.14\spring-web-6.0.14.jar;C:\repo\org\springframework\spring-webmvc\6.0.14\spring-webmvc-6.0.14.jar;C:\repo\org\springframework\boot\spring-boot-configuration-processor\3.0.13\spring-boot-configuration-processor-3.0.13.jar;C:\repo\org\springframework\boot\spring-boot-starter-aop\3.0.13\spring-boot-starter-aop-3.0.13.jar;C:\repo\org\springframework\spring-aop\6.0.14\spring-aop-6.0.14.jar;C:\repo\org\aspectj\aspectjweaver\1.9.20.1\aspectjweaver-1.9.20.1.jar;C:\repo\org\springframework\spring-test\6.0.14\spring-test-6.0.14.jar;C:\repo\org\springframework\boot\spring-boot-starter-test\3.0.13\spring-boot-starter-test-3.0.13.jar;C:\repo\org\springframework\boot\spring-boot-test\3.0.13\spring-boot-test-3.0.13.jar;C:\repo\org\springframework\boot\spring-boot-test-autoconfigure\3.0.13\spring-boot-test-autoconfigure-3.0.13.jar;C:\repo\com\jayway\jsonpath\json-path\2.7.0\json-path-2.7.0.jar;C:\repo\net\minidev\json-smart\2.4.11\json-smart-2.4.11.jar;C:\repo\net\minidev\accessors-smart\2.4.11\accessors-smart-2.4.11.jar;C:\repo\org\ow2\asm\asm\9.3\asm-9.3.jar;C:\repo\jakarta\xml\bind\jakarta.xml.bind-api\4.0.1\jakarta.xml.bind-api-4.0.1.jar;C:\repo\jakarta\activation\jakarta.activation-api\2.1.2\jakarta.activation-api-2.1.2.jar;C:\repo\org\assertj\assertj-core\3.23.1\assertj-core-3.23.1.jar;C:\repo\net\bytebuddy\byte-buddy\1.12.23\byte-buddy-1.12.23.jar;C:\repo\org\hamcrest\hamcrest\2.2\hamcrest-2.2.jar;C:\repo\org\junit\jupiter\junit-jupiter\5.9.3\junit-jupiter-5.9.3.jar;C:\repo\org\junit\jupiter\junit-jupiter-api\5.9.3\junit-jupiter-api-5.9.3.jar;C:\repo\org\opentest4j\opentest4j\1.2.0\opentest4j-1.2.0.jar;C:\repo\org\junit\platform\junit-platform-commons\1.9.3\junit-platform-commons-1.9.3.jar;C:\repo\org\apiguardian\apiguardian-api\1.1.2\apiguardian-api-1.1.2.jar;C:\repo\org\junit\jupiter\junit-jupiter-params\5.9.3\junit-jupiter-params-5.9.3.jar;C:\repo\org\junit\jupiter\junit-jupiter-engine\5.9.3\junit-jupiter-engine-5.9.3.jar;C:\repo\org\junit\platform\junit-platform-engine\1.9.3\junit-platform-engine-1.9.3.jar;C:\repo\org\mockito\mockito-core\4.8.1\mockito-core-4.8.1.jar;C:\repo\net\bytebuddy\byte-buddy-agent\1.12.23\byte-buddy-agent-1.12.23.jar;C:\repo\org\objenesis\objenesis\3.2\objenesis-3.2.jar;C:\repo\org\mockito\mockito-junit-jupiter\4.8.1\mockito-junit-jupiter-4.8.1.jar;C:\repo\org\skyscreamer\jsonassert\1.5.1\jsonassert-1.5.1.jar;C:\repo\com\vaadin\external\google\android-json\0.0.20131108.vaadin1\android-json-0.0.20131108.vaadin1.jar;C:\repo\org\xmlunit\xmlunit-core\2.9.1\xmlunit-core-2.9.1.jar;C:\repo\org\springframework\cloud\spring-cloud-starter-openfeign\4.0.4\spring-cloud-starter-openfeign-4.0.4.jar;C:\repo\org\springframework\cloud\spring-cloud-starter\4.0.4\spring-cloud-starter-4.0.4.jar;C:\repo\org\springframework\security\spring-security-rsa\1.0.12.RELEASE\spring-security-rsa-1.0.12.RELEASE.jar;C:\repo\org\bouncycastle\bcpkix-jdk18on\1.73\bcpkix-jdk18on-1.73.jar;C:\repo\org\bouncycastle\bcprov-jdk18on\1.73\bcprov-jdk18on-1.73.jar;C:\repo\org\bouncycastle\bcutil-jdk18on\1.73\bcutil-jdk18on-1.73.jar;C:\repo\org\springframework\cloud\spring-cloud-openfeign-core\4.0.4\spring-cloud-openfeign-core-4.0.4.jar;C:\repo\io\github\openfeign\form\feign-form-spring\3.8.0\feign-form-spring-3.8.0.jar;C:\repo\io\github\openfeign\form\feign-form\3.8.0\feign-form-3.8.0.jar;C:\repo\org\springframework\cloud\spring-cloud-commons\4.0.4\spring-cloud-commons-4.0.4.jar;C:\repo\org\springframework\security\spring-security-crypto\6.0.8\spring-security-crypto-6.0.8.jar;C:\repo\io\github\openfeign\feign-core\12.4\feign-core-12.4.jar;C:\repo\io\github\openfeign\feign-slf4j\12.4\feign-slf4j-12.4.jar;C:\repo\com\alibaba\cloud\spring-cloud-starter-alibaba-nacos-discovery\2022.0.0.0\spring-cloud-starter-alibaba-nacos-discovery-2022.0.0.0.jar;C:\repo\com\alibaba\cloud\spring-cloud-alibaba-commons\2022.0.0.0\spring-cloud-alibaba-commons-2022.0.0.0.jar;C:\repo\com\alibaba\nacos\nacos-client\2.2.1\nacos-client-2.2.1.jar;C:\repo\com\alibaba\nacos\nacos-auth-plugin\2.2.1\nacos-auth-plugin-2.2.1.jar;C:\repo\com\alibaba\nacos\nacos-encryption-plugin\2.2.1\nacos-encryption-plugin-2.2.1.jar;C:\repo\org\apache\httpcomponents\httpasyncclient\4.1.5\httpasyncclient-4.1.5.jar;C:\repo\org\apache\httpcomponents\httpcore\4.4.16\httpcore-4.4.16.jar;C:\repo\org\apache\httpcomponents\httpcore-nio\4.4.16\httpcore-nio-4.4.16.jar;C:\repo\org\apache\httpcomponents\httpclient\4.5.14\httpclient-4.5.14.jar;C:\repo\io\prometheus\simpleclient\0.16.0\simpleclient-0.16.0.jar;C:\repo\io\prometheus\simpleclient_tracer_otel\0.16.0\simpleclient_tracer_otel-0.16.0.jar;C:\repo\io\prometheus\simpleclient_tracer_common\0.16.0\simpleclient_tracer_common-0.16.0.jar;C:\repo\io\prometheus\simpleclient_tracer_otel_agent\0.16.0\simpleclient_tracer_otel_agent-0.16.0.jar;C:\repo\com\alibaba\spring\spring-context-support\1.0.11\spring-context-support-1.0.11.jar;C:\repo\org\springframework\cloud\spring-cloud-context\4.0.4\spring-cloud-context-4.0.4.jar;C:\repo\com\alibaba\cloud\spring-cloud-starter-alibaba-nacos-config\2022.0.0.0\spring-cloud-starter-alibaba-nacos-config-2022.0.0.0.jar;C:\repo\org\springframework\cloud\spring-cloud-starter-bootstrap\4.0.4\spring-cloud-starter-bootstrap-4.0.4.jar;C:\repo\org\springframework\cloud\spring-cloud-starter-loadbalancer\4.0.4\spring-cloud-starter-loadbalancer-4.0.4.jar;C:\repo\org\springframework\cloud\spring-cloud-loadbalancer\4.0.4\spring-cloud-loadbalancer-4.0.4.jar;C:\repo\io\projectreactor\reactor-core\3.5.12\reactor-core-3.5.12.jar;C:\repo\org\reactivestreams\reactive-streams\1.0.4\reactive-streams-1.0.4.jar;C:\repo\io\projectreactor\addons\reactor-extra\3.5.1\reactor-extra-3.5.1.jar;C:\repo\org\springframework\boot\spring-boot-starter-cache\3.0.13\spring-boot-starter-cache-3.0.13.jar;C:\repo\org\springframework\spring-context-support\6.0.14\spring-context-support-6.0.14.jar;C:\repo\com\stoyanr\evictor\1.0.0\evictor-1.0.0.jar;C:\repo\org\springframework\boot\spring-boot-starter-data-redis\3.0.13\spring-boot-starter-data-redis-3.0.13.jar;C:\repo\org\springframework\data\spring-data-redis\3.0.12\spring-data-redis-3.0.12.jar;C:\repo\org\springframework\data\spring-data-keyvalue\3.0.12\spring-data-keyvalue-3.0.12.jar;C:\repo\org\springframework\data\spring-data-commons\3.0.12\spring-data-commons-3.0.12.jar;C:\repo\org\springframework\spring-oxm\6.0.14\spring-oxm-6.0.14.jar;C:\repo\io\lettuce\lettuce-core\6.2.7.RELEASE\lettuce-core-6.2.7.RELEASE.jar;C:\repo\io\netty\netty-common\4.1.101.Final\netty-common-4.1.101.Final.jar;C:\repo\io\netty\netty-handler\4.1.101.Final\netty-handler-4.1.101.Final.jar;C:\repo\io\netty\netty-resolver\4.1.101.Final\netty-resolver-4.1.101.Final.jar;C:\repo\io\netty\netty-buffer\4.1.101.Final\netty-buffer-4.1.101.Final.jar;C:\repo\io\netty\netty-transport-native-unix-common\4.1.101.Final\netty-transport-native-unix-common-4.1.101.Final.jar;C:\repo\io\netty\netty-codec\4.1.101.Final\netty-codec-4.1.101.Final.jar;C:\repo\io\netty\netty-transport\4.1.101.Final\netty-transport-4.1.101.Final.jar;C:\repo\com\mysql\mysql-connector-j\8.3.0\mysql-connector-j-8.3.0.jar;C:\repo\com\google\protobuf\protobuf-java\3.25.1\protobuf-java-3.25.1.jar;C:\repo\com\baomidou\mybatis-plus-boot-starter\3.5.5\mybatis-plus-boot-starter-3.5.5.jar;C:\repo\com\baomidou\mybatis-plus\3.5.5\mybatis-plus-3.5.5.jar;C:\repo\com\baomidou\mybatis-plus-core\3.5.5\mybatis-plus-core-3.5.5.jar;C:\repo\com\baomidou\mybatis-plus-annotation\3.5.5\mybatis-plus-annotation-3.5.5.jar;C:\repo\com\baomidou\mybatis-plus-extension\3.5.5\mybatis-plus-extension-3.5.5.jar;C:\repo\org\mybatis\mybatis\3.5.15\mybatis-3.5.15.jar;C:\repo\com\github\jsqlparser\jsqlparser\4.6\jsqlparser-4.6.jar;C:\repo\com\baomidou\mybatis-plus-spring-boot-autoconfigure\3.5.5\mybatis-plus-spring-boot-autoconfigure-3.5.5.jar;C:\repo\org\springframework\boot\spring-boot-starter-jdbc\3.0.13\spring-boot-starter-jdbc-3.0.13.jar;C:\repo\com\zaxxer\HikariCP\5.0.1\HikariCP-5.0.1.jar;C:\repo\org\springframework\spring-jdbc\6.0.14\spring-jdbc-6.0.14.jar;C:\repo\org\mybatis\mybatis-spring\3.0.3\mybatis-spring-3.0.3.jar;C:\repo\org\projectlombok\lombok\1.18.30\lombok-1.18.30.jar;C:\repo\commons-codec\commons-codec\1.15\commons-codec-1.15.jar;C:\repo\org\apache\commons\commons-lang3\3.12.0\commons-lang3-3.12.0.jar;C:\repo\commons-fileupload\commons-fileupload\1.4\commons-fileupload-1.4.jar;C:\repo\commons-io\commons-io\2.11.0\commons-io-2.11.0.jar;C:\repo\com\tencentcloudapi\tencentcloud-sdk-java\3.1.598\tencentcloud-sdk-java-3.1.598.jar;C:\repo\commons-logging\commons-logging\1.2\commons-logging-1.2.jar;C:\repo\com\squareup\okhttp\okhttp\2.7.5\okhttp-2.7.5.jar;C:\repo\com\google\code\gson\gson\2.9.1\gson-2.9.1.jar;C:\repo\javax\xml\bind\jaxb-api\2.3.0\jaxb-api-2.3.0.jar;C:\repo\com\squareup\okhttp\logging-interceptor\2.7.5\logging-interceptor-2.7.5.jar;C:\repo\org\ini4j\ini4j\0.5.4\ini4j-0.5.4.jar;C:\repo\com\google\zxing\core\3.4.1\core-3.4.1.jar;C:\repo\org\hibernate\validator\hibernate-validator\8.0.1.Final\hibernate-validator-8.0.1.Final.jar;C:\repo\jakarta\validation\jakarta.validation-api\3.0.2\jakarta.validation-api-3.0.2.jar;C:\repo\org\jboss\logging\jboss-logging\3.5.3.Final\jboss-logging-3.5.3.Final.jar;C:\repo\com\fasterxml\classmate\1.5.1\classmate-1.5.1.jar;"/>
    <property name="java.vm.vendor" value="Oracle Corporation"/>
    <property name="sun.arch.data.model" value="64"/>
    <property name="user.variant" value=""/>
    <property name="java.vendor.url" value="https://java.oracle.com/"/>
    <property name="user.timezone" value="Asia/Shanghai"/>
    <property name="os.name" value="Windows 10"/>
    <property name="java.vm.specification.version" value="17"/>
    <property name="sun.java.launcher" value="SUN_STANDARD"/>
    <property name="user.country" value="CN"/>
    <property name="sun.boot.library.path" value="F:\Java\jdk17\bin"/>
    <property name="sun.java.command" value="C:\Users\clyxmz\AppData\Local\Temp\surefire6102136001640629849\surefirebooter12504348798582433446.jar C:\Users\clyxmz\AppData\Local\Temp\surefire6102136001640629849 2024-10-08T22-42-19_475-jvmRun1 surefire11897751382235373795tmp surefire_013700795720506876815tmp"/>
    <property name="jdk.debug" value="release"/>
    <property name="surefire.test.class.path" value="D:\NewProjectT\mksz-853 SpringCloud+Netty集群实战千万级 IM系统\课程源码\wechat-dev-project\后端源码\仿微信集群(第十二章完)\wechat-dev\api\file-service-55\target\test-classes;D:\NewProjectT\mksz-853 SpringCloud+Netty集群实战千万级 IM系统\课程源码\wechat-dev-project\后端源码\仿微信集群(第十二章完)\wechat-dev\api\file-service-55\target\classes;D:\NewProjectT\mksz-853 SpringCloud+Netty集群实战千万级 IM系统\课程源码\wechat-dev-project\后端源码\仿微信集群(第十二章完)\wechat-dev\api\base-service\target\base-service-1.0-SNAPSHOT.jar;C:\repo\org\springframework\boot\spring-boot-starter-amqp\3.0.13\spring-boot-starter-amqp-3.0.13.jar;C:\repo\org\springframework\boot\spring-boot-starter\3.0.13\spring-boot-starter-3.0.13.jar;C:\repo\org\springframework\boot\spring-boot\3.0.13\spring-boot-3.0.13.jar;C:\repo\org\springframework\boot\spring-boot-autoconfigure\3.0.13\spring-boot-autoconfigure-3.0.13.jar;C:\repo\org\springframework\boot\spring-boot-starter-logging\3.0.13\spring-boot-starter-logging-3.0.13.jar;C:\repo\ch\qos\logback\logback-classic\1.4.11\logback-classic-1.4.11.jar;C:\repo\ch\qos\logback\logback-core\1.4.11\logback-core-1.4.11.jar;C:\repo\org\apache\logging\log4j\log4j-to-slf4j\2.19.0\log4j-to-slf4j-2.19.0.jar;C:\repo\org\apache\logging\log4j\log4j-api\2.19.0\log4j-api-2.19.0.jar;C:\repo\org\slf4j\jul-to-slf4j\2.0.9\jul-to-slf4j-2.0.9.jar;C:\repo\jakarta\annotation\jakarta.annotation-api\2.1.1\jakarta.annotation-api-2.1.1.jar;C:\repo\org\springframework\spring-core\6.0.14\spring-core-6.0.14.jar;C:\repo\org\springframework\spring-jcl\6.0.14\spring-jcl-6.0.14.jar;C:\repo\org\yaml\snakeyaml\1.33\snakeyaml-1.33.jar;C:\repo\org\springframework\spring-messaging\6.0.14\spring-messaging-6.0.14.jar;C:\repo\org\springframework\spring-beans\6.0.14\spring-beans-6.0.14.jar;C:\repo\org\springframework\amqp\spring-rabbit\3.0.10\spring-rabbit-3.0.10.jar;C:\repo\org\springframework\amqp\spring-amqp\3.0.10\spring-amqp-3.0.10.jar;C:\repo\org\springframework\retry\spring-retry\2.0.4\spring-retry-2.0.4.jar;C:\repo\com\rabbitmq\amqp-client\5.16.1\amqp-client-5.16.1.jar;C:\repo\org\springframework\spring-context\6.0.14\spring-context-6.0.14.jar;C:\repo\org\springframework\spring-expression\6.0.14\spring-expression-6.0.14.jar;C:\repo\org\springframework\spring-tx\6.0.14\spring-tx-6.0.14.jar;C:\repo\io\micrometer\micrometer-observation\1.10.13\micrometer-observation-1.10.13.jar;C:\repo\io\micrometer\micrometer-commons\1.10.13\micrometer-commons-1.10.13.jar;C:\repo\io\minio\minio\8.4.5\minio-8.4.5.jar;C:\repo\com\carrotsearch\thirdparty\simple-xml-safe\2.7.1\simple-xml-safe-2.7.1.jar;C:\repo\com\google\guava\guava\30.1.1-jre\guava-30.1.1-jre.jar;C:\repo\com\google\guava\failureaccess\1.0.1\failureaccess-1.0.1.jar;C:\repo\com\google\guava\listenablefuture\9999.0-empty-to-avoid-conflict-with-guava\listenablefuture-9999.0-empty-to-avoid-conflict-with-guava.jar;C:\repo\com\google\code\findbugs\jsr305\3.0.2\jsr305-3.0.2.jar;C:\repo\org\checkerframework\checker-qual\3.8.0\checker-qual-3.8.0.jar;C:\repo\com\google\errorprone\error_prone_annotations\2.5.1\error_prone_annotations-2.5.1.jar;C:\repo\com\google\j2objc\j2objc-annotations\1.3\j2objc-annotations-1.3.jar;C:\repo\com\fasterxml\jackson\core\jackson-annotations\2.14.3\jackson-annotations-2.14.3.jar;C:\repo\com\fasterxml\jackson\core\jackson-core\2.14.3\jackson-core-2.14.3.jar;C:\repo\com\fasterxml\jackson\core\jackson-databind\2.14.3\jackson-databind-2.14.3.jar;C:\repo\org\bouncycastle\bcprov-jdk15on\1.69\bcprov-jdk15on-1.69.jar;C:\repo\org\apache\commons\commons-compress\1.21\commons-compress-1.21.jar;C:\repo\org\xerial\snappy\snappy-java\1.1.8.4\snappy-java-1.1.8.4.jar;C:\repo\com\squareup\okhttp3\okhttp\4.8.1\okhttp-4.8.1.jar;C:\repo\com\squareup\okio\okio\2.7.0\okio-2.7.0.jar;C:\repo\org\jetbrains\kotlin\kotlin-stdlib-common\1.7.22\kotlin-stdlib-common-1.7.22.jar;C:\repo\org\jetbrains\kotlin\kotlin-stdlib\1.7.22\kotlin-stdlib-1.7.22.jar;C:\repo\org\jetbrains\annotations\13.0\annotations-13.0.jar;C:\repo\org\bytedeco\javacv\1.5.6\javacv-1.5.6.jar;C:\repo\org\bytedeco\javacpp\1.5.6\javacpp-1.5.6.jar;C:\repo\org\bytedeco\openblas\0.3.17-1.5.6\openblas-0.3.17-1.5.6.jar;C:\repo\org\bytedeco\opencv\4.5.3-1.5.6\opencv-4.5.3-1.5.6.jar;C:\repo\org\bytedeco\ffmpeg\4.4-1.5.6\ffmpeg-4.4-1.5.6.jar;C:\repo\org\bytedeco\flycapture\2.13.3.31-1.5.6\flycapture-2.13.3.31-1.5.6.jar;C:\repo\org\bytedeco\libdc1394\2.2.6-1.5.6\libdc1394-2.2.6-1.5.6.jar;C:\repo\org\bytedeco\libfreenect\0.5.7-1.5.6\libfreenect-0.5.7-1.5.6.jar;C:\repo\org\bytedeco\libfreenect2\0.2.0-1.5.6\libfreenect2-0.2.0-1.5.6.jar;C:\repo\org\bytedeco\librealsense\1.12.4-1.5.6\librealsense-1.12.4-1.5.6.jar;C:\repo\org\bytedeco\librealsense2\2.44.0-1.5.6\librealsense2-2.44.0-1.5.6.jar;C:\repo\org\bytedeco\videoinput\0.200-1.5.6\videoinput-0.200-1.5.6.jar;C:\repo\org\bytedeco\artoolkitplus\2.3.1-1.5.6\artoolkitplus-2.3.1-1.5.6.jar;C:\repo\org\bytedeco\flandmark\1.07-1.5.6\flandmark-1.07-1.5.6.jar;C:\repo\org\bytedeco\leptonica\1.81.1-1.5.6\leptonica-1.81.1-1.5.6.jar;C:\repo\org\bytedeco\tesseract\4.1.1-1.5.6\tesseract-4.1.1-1.5.6.jar;C:\repo\org\bytedeco\javacv-platform\1.5.6\javacv-platform-1.5.6.jar;C:\repo\org\bytedeco\openblas-platform\0.3.17-1.5.6\openblas-platform-0.3.17-1.5.6.jar;C:\repo\org\bytedeco\openblas\0.3.17-1.5.6\openblas-0.3.17-1.5.6-android-arm.jar;C:\repo\org\bytedeco\openblas\0.3.17-1.5.6\openblas-0.3.17-1.5.6-android-arm64.jar;C:\repo\org\bytedeco\openblas\0.3.17-1.5.6\openblas-0.3.17-1.5.6-android-x86.jar;C:\repo\org\bytedeco\openblas\0.3.17-1.5.6\openblas-0.3.17-1.5.6-android-x86_64.jar;C:\repo\org\bytedeco\openblas\0.3.17-1.5.6\openblas-0.3.17-1.5.6-ios-arm64.jar;C:\repo\org\bytedeco\openblas\0.3.17-1.5.6\openblas-0.3.17-1.5.6-ios-x86_64.jar;C:\repo\org\bytedeco\openblas\0.3.17-1.5.6\openblas-0.3.17-1.5.6-linux-x86.jar;C:\repo\org\bytedeco\openblas\0.3.17-1.5.6\openblas-0.3.17-1.5.6-linux-x86_64.jar;C:\repo\org\bytedeco\openblas\0.3.17-1.5.6\openblas-0.3.17-1.5.6-linux-armhf.jar;C:\repo\org\bytedeco\openblas\0.3.17-1.5.6\openblas-0.3.17-1.5.6-linux-arm64.jar;C:\repo\org\bytedeco\openblas\0.3.17-1.5.6\openblas-0.3.17-1.5.6-linux-ppc64le.jar;C:\repo\org\bytedeco\openblas\0.3.17-1.5.6\openblas-0.3.17-1.5.6-macosx-x86_64.jar;C:\repo\org\bytedeco\openblas\0.3.17-1.5.6\openblas-0.3.17-1.5.6-windows-x86.jar;C:\repo\org\bytedeco\openblas\0.3.17-1.5.6\openblas-0.3.17-1.5.6-windows-x86_64.jar;C:\repo\org\bytedeco\opencv-platform\4.5.3-1.5.6\opencv-platform-4.5.3-1.5.6.jar;C:\repo\org\bytedeco\opencv\4.5.3-1.5.6\opencv-4.5.3-1.5.6-android-arm.jar;C:\repo\org\bytedeco\opencv\4.5.3-1.5.6\opencv-4.5.3-1.5.6-android-arm64.jar;C:\repo\org\bytedeco\opencv\4.5.3-1.5.6\opencv-4.5.3-1.5.6-android-x86.jar;C:\repo\org\bytedeco\opencv\4.5.3-1.5.6\opencv-4.5.3-1.5.6-android-x86_64.jar;C:\repo\org\bytedeco\opencv\4.5.3-1.5.6\opencv-4.5.3-1.5.6-ios-arm64.jar;C:\repo\org\bytedeco\opencv\4.5.3-1.5.6\opencv-4.5.3-1.5.6-ios-x86_64.jar;C:\repo\org\bytedeco\opencv\4.5.3-1.5.6\opencv-4.5.3-1.5.6-linux-x86.jar;C:\repo\org\bytedeco\opencv\4.5.3-1.5.6\opencv-4.5.3-1.5.6-linux-x86_64.jar;C:\repo\org\bytedeco\opencv\4.5.3-1.5.6\opencv-4.5.3-1.5.6-linux-armhf.jar;C:\repo\org\bytedeco\opencv\4.5.3-1.5.6\opencv-4.5.3-1.5.6-linux-arm64.jar;C:\repo\org\bytedeco\opencv\4.5.3-1.5.6\opencv-4.5.3-1.5.6-linux-ppc64le.jar;C:\repo\org\bytedeco\opencv\4.5.3-1.5.6\opencv-4.5.3-1.5.6-macosx-x86_64.jar;C:\repo\org\bytedeco\opencv\4.5.3-1.5.6\opencv-4.5.3-1.5.6-windows-x86.jar;C:\repo\org\bytedeco\opencv\4.5.3-1.5.6\opencv-4.5.3-1.5.6-windows-x86_64.jar;C:\repo\org\bytedeco\flycapture-platform\2.13.3.31-1.5.6\flycapture-platform-2.13.3.31-1.5.6.jar;C:\repo\org\bytedeco\flycapture\2.13.3.31-1.5.6\flycapture-2.13.3.31-1.5.6-linux-x86.jar;C:\repo\org\bytedeco\flycapture\2.13.3.31-1.5.6\flycapture-2.13.3.31-1.5.6-linux-x86_64.jar;C:\repo\org\bytedeco\flycapture\2.13.3.31-1.5.6\flycapture-2.13.3.31-1.5.6-linux-armhf.jar;C:\repo\org\bytedeco\flycapture\2.13.3.31-1.5.6\flycapture-2.13.3.31-1.5.6-linux-arm64.jar;C:\repo\org\bytedeco\flycapture\2.13.3.31-1.5.6\flycapture-2.13.3.31-1.5.6-windows-x86.jar;C:\repo\org\bytedeco\flycapture\2.13.3.31-1.5.6\flycapture-2.13.3.31-1.5.6-windows-x86_64.jar;C:\repo\org\bytedeco\libdc1394-platform\2.2.6-1.5.6\libdc1394-platform-2.2.6-1.5.6.jar;C:\repo\org\bytedeco\libdc1394\2.2.6-1.5.6\libdc1394-2.2.6-1.5.6-linux-x86.jar;C:\repo\org\bytedeco\libdc1394\2.2.6-1.5.6\libdc1394-2.2.6-1.5.6-linux-x86_64.jar;C:\repo\org\bytedeco\libdc1394\2.2.6-1.5.6\libdc1394-2.2.6-1.5.6-linux-armhf.jar;C:\repo\org\bytedeco\libdc1394\2.2.6-1.5.6\libdc1394-2.2.6-1.5.6-linux-arm64.jar;C:\repo\org\bytedeco\libdc1394\2.2.6-1.5.6\libdc1394-2.2.6-1.5.6-linux-ppc64le.jar;C:\repo\org\bytedeco\libdc1394\2.2.6-1.5.6\libdc1394-2.2.6-1.5.6-macosx-x86_64.jar;C:\repo\org\bytedeco\libdc1394\2.2.6-1.5.6\libdc1394-2.2.6-1.5.6-windows-x86.jar;C:\repo\org\bytedeco\libdc1394\2.2.6-1.5.6\libdc1394-2.2.6-1.5.6-windows-x86_64.jar;C:\repo\org\bytedeco\libfreenect-platform\0.5.7-1.5.6\libfreenect-platform-0.5.7-1.5.6.jar;C:\repo\org\bytedeco\libfreenect\0.5.7-1.5.6\libfreenect-0.5.7-1.5.6-linux-x86.jar;C:\repo\org\bytedeco\libfreenect\0.5.7-1.5.6\libfreenect-0.5.7-1.5.6-linux-x86_64.jar;C:\repo\org\bytedeco\libfreenect\0.5.7-1.5.6\libfreenect-0.5.7-1.5.6-linux-armhf.jar;C:\repo\org\bytedeco\libfreenect\0.5.7-1.5.6\libfreenect-0.5.7-1.5.6-linux-arm64.jar;C:\repo\org\bytedeco\libfreenect\0.5.7-1.5.6\libfreenect-0.5.7-1.5.6-linux-ppc64le.jar;C:\repo\org\bytedeco\libfreenect\0.5.7-1.5.6\libfreenect-0.5.7-1.5.6-macosx-x86_64.jar;C:\repo\org\bytedeco\libfreenect\0.5.7-1.5.6\libfreenect-0.5.7-1.5.6-windows-x86.jar;C:\repo\org\bytedeco\libfreenect\0.5.7-1.5.6\libfreenect-0.5.7-1.5.6-windows-x86_64.jar;C:\repo\org\bytedeco\libfreenect2-platform\0.2.0-1.5.6\libfreenect2-platform-0.2.0-1.5.6.jar;C:\repo\org\bytedeco\libfreenect2\0.2.0-1.5.6\libfreenect2-0.2.0-1.5.6-linux-x86.jar;C:\repo\org\bytedeco\libfreenect2\0.2.0-1.5.6\libfreenect2-0.2.0-1.5.6-linux-x86_64.jar;C:\repo\org\bytedeco\libfreenect2\0.2.0-1.5.6\libfreenect2-0.2.0-1.5.6-macosx-x86_64.jar;C:\repo\org\bytedeco\libfreenect2\0.2.0-1.5.6\libfreenect2-0.2.0-1.5.6-windows-x86_64.jar;C:\repo\org\bytedeco\librealsense-platform\1.12.4-1.5.6\librealsense-platform-1.12.4-1.5.6.jar;C:\repo\org\bytedeco\librealsense\1.12.4-1.5.6\librealsense-1.12.4-1.5.6-linux-armhf.jar;C:\repo\org\bytedeco\librealsense\1.12.4-1.5.6\librealsense-1.12.4-1.5.6-linux-arm64.jar;C:\repo\org\bytedeco\librealsense\1.12.4-1.5.6\librealsense-1.12.4-1.5.6-linux-x86.jar;C:\repo\org\bytedeco\librealsense\1.12.4-1.5.6\librealsense-1.12.4-1.5.6-linux-x86_64.jar;C:\repo\org\bytedeco\librealsense\1.12.4-1.5.6\librealsense-1.12.4-1.5.6-macosx-x86_64.jar;C:\repo\org\bytedeco\librealsense\1.12.4-1.5.6\librealsense-1.12.4-1.5.6-windows-x86.jar;C:\repo\org\bytedeco\librealsense\1.12.4-1.5.6\librealsense-1.12.4-1.5.6-windows-x86_64.jar;C:\repo\org\bytedeco\librealsense2-platform\2.44.0-1.5.6\librealsense2-platform-2.44.0-1.5.6.jar;C:\repo\org\bytedeco\librealsense2\2.44.0-1.5.6\librealsense2-2.44.0-1.5.6-linux-armhf.jar;C:\repo\org\bytedeco\librealsense2\2.44.0-1.5.6\librealsense2-2.44.0-1.5.6-linux-arm64.jar;C:\repo\org\bytedeco\librealsense2\2.44.0-1.5.6\librealsense2-2.44.0-1.5.6-linux-x86.jar;C:\repo\org\bytedeco\librealsense2\2.44.0-1.5.6\librealsense2-2.44.0-1.5.6-linux-x86_64.jar;C:\repo\org\bytedeco\librealsense2\2.44.0-1.5.6\librealsense2-2.44.0-1.5.6-macosx-x86_64.jar;C:\repo\org\bytedeco\librealsense2\2.44.0-1.5.6\librealsense2-2.44.0-1.5.6-windows-x86.jar;C:\repo\org\bytedeco\librealsense2\2.44.0-1.5.6\librealsense2-2.44.0-1.5.6-windows-x86_64.jar;C:\repo\org\bytedeco\videoinput-platform\0.200-1.5.6\videoinput-platform-0.200-1.5.6.jar;C:\repo\org\bytedeco\videoinput\0.200-1.5.6\videoinput-0.200-1.5.6-windows-x86.jar;C:\repo\org\bytedeco\videoinput\0.200-1.5.6\videoinput-0.200-1.5.6-windows-x86_64.jar;C:\repo\org\bytedeco\artoolkitplus-platform\2.3.1-1.5.6\artoolkitplus-platform-2.3.1-1.5.6.jar;C:\repo\org\bytedeco\artoolkitplus\2.3.1-1.5.6\artoolkitplus-2.3.1-1.5.6-android-arm.jar;C:\repo\org\bytedeco\artoolkitplus\2.3.1-1.5.6\artoolkitplus-2.3.1-1.5.6-android-arm64.jar;C:\repo\org\bytedeco\artoolkitplus\2.3.1-1.5.6\artoolkitplus-2.3.1-1.5.6-android-x86.jar;C:\repo\org\bytedeco\artoolkitplus\2.3.1-1.5.6\artoolkitplus-2.3.1-1.5.6-android-x86_64.jar;C:\repo\org\bytedeco\artoolkitplus\2.3.1-1.5.6\artoolkitplus-2.3.1-1.5.6-linux-x86.jar;C:\repo\org\bytedeco\artoolkitplus\2.3.1-1.5.6\artoolkitplus-2.3.1-1.5.6-linux-x86_64.jar;C:\repo\org\bytedeco\artoolkitplus\2.3.1-1.5.6\artoolkitplus-2.3.1-1.5.6-linux-armhf.jar;C:\repo\org\bytedeco\artoolkitplus\2.3.1-1.5.6\artoolkitplus-2.3.1-1.5.6-linux-arm64.jar;C:\repo\org\bytedeco\artoolkitplus\2.3.1-1.5.6\artoolkitplus-2.3.1-1.5.6-linux-ppc64le.jar;C:\repo\org\bytedeco\artoolkitplus\2.3.1-1.5.6\artoolkitplus-2.3.1-1.5.6-macosx-x86_64.jar;C:\repo\org\bytedeco\artoolkitplus\2.3.1-1.5.6\artoolkitplus-2.3.1-1.5.6-windows-x86.jar;C:\repo\org\bytedeco\artoolkitplus\2.3.1-1.5.6\artoolkitplus-2.3.1-1.5.6-windows-x86_64.jar;C:\repo\org\bytedeco\flandmark-platform\1.07-1.5.6\flandmark-platform-1.07-1.5.6.jar;C:\repo\org\bytedeco\flandmark\1.07-1.5.6\flandmark-1.07-1.5.6-android-arm.jar;C:\repo\org\bytedeco\flandmark\1.07-1.5.6\flandmark-1.07-1.5.6-android-arm64.jar;C:\repo\org\bytedeco\flandmark\1.07-1.5.6\flandmark-1.07-1.5.6-android-x86.jar;C:\repo\org\bytedeco\flandmark\1.07-1.5.6\flandmark-1.07-1.5.6-android-x86_64.jar;C:\repo\org\bytedeco\flandmark\1.07-1.5.6\flandmark-1.07-1.5.6-linux-x86.jar;C:\repo\org\bytedeco\flandmark\1.07-1.5.6\flandmark-1.07-1.5.6-linux-x86_64.jar;C:\repo\org\bytedeco\flandmark\1.07-1.5.6\flandmark-1.07-1.5.6-linux-armhf.jar;C:\repo\org\bytedeco\flandmark\1.07-1.5.6\flandmark-1.07-1.5.6-linux-arm64.jar;C:\repo\org\bytedeco\flandmark\1.07-1.5.6\flandmark-1.07-1.5.6-linux-ppc64le.jar;C:\repo\org\bytedeco\flandmark\1.07-1.5.6\flandmark-1.07-1.5.6-macosx-x86_64.jar;C:\repo\org\bytedeco\flandmark\1.07-1.5.6\flandmark-1.07-1.5.6-windows-x86.jar;C:\repo\org\bytedeco\flandmark\1.07-1.5.6\flandmark-1.07-1.5.6-windows-x86_64.jar;C:\repo\org\bytedeco\leptonica-platform\1.81.1-1.5.6\leptonica-platform-1.81.1-1.5.6.jar;C:\repo\org\bytedeco\leptonica\1.81.1-1.5.6\leptonica-1.81.1-1.5.6-android-arm.jar;C:\repo\org\bytedeco\leptonica\1.81.1-1.5.6\leptonica-1.81.1-1.5.6-android-arm64.jar;C:\repo\org\bytedeco\leptonica\1.81.1-1.5.6\leptonica-1.81.1-1.5.6-android-x86.jar;C:\repo\org\bytedeco\leptonica\1.81.1-1.5.6\leptonica-1.81.1-1.5.6-android-x86_64.jar;C:\repo\org\bytedeco\leptonica\1.81.1-1.5.6\leptonica-1.81.1-1.5.6-linux-x86.jar;C:\repo\org\bytedeco\leptonica\1.81.1-1.5.6\leptonica-1.81.1-1.5.6-linux-x86_64.jar;C:\repo\org\bytedeco\leptonica\1.81.1-1.5.6\leptonica-1.81.1-1.5.6-linux-armhf.jar;C:\repo\org\bytedeco\leptonica\1.81.1-1.5.6\leptonica-1.81.1-1.5.6-linux-arm64.jar;C:\repo\org\bytedeco\leptonica\1.81.1-1.5.6\leptonica-1.81.1-1.5.6-linux-ppc64le.jar;C:\repo\org\bytedeco\leptonica\1.81.1-1.5.6\leptonica-1.81.1-1.5.6-macosx-x86_64.jar;C:\repo\org\bytedeco\leptonica\1.81.1-1.5.6\leptonica-1.81.1-1.5.6-windows-x86.jar;C:\repo\org\bytedeco\leptonica\1.81.1-1.5.6\leptonica-1.81.1-1.5.6-windows-x86_64.jar;C:\repo\org\bytedeco\tesseract-platform\4.1.1-1.5.6\tesseract-platform-4.1.1-1.5.6.jar;C:\repo\org\bytedeco\tesseract\4.1.1-1.5.6\tesseract-4.1.1-1.5.6-android-arm.jar;C:\repo\org\bytedeco\tesseract\4.1.1-1.5.6\tesseract-4.1.1-1.5.6-android-arm64.jar;C:\repo\org\bytedeco\tesseract\4.1.1-1.5.6\tesseract-4.1.1-1.5.6-android-x86.jar;C:\repo\org\bytedeco\tesseract\4.1.1-1.5.6\tesseract-4.1.1-1.5.6-android-x86_64.jar;C:\repo\org\bytedeco\tesseract\4.1.1-1.5.6\tesseract-4.1.1-1.5.6-linux-x86.jar;C:\repo\org\bytedeco\tesseract\4.1.1-1.5.6\tesseract-4.1.1-1.5.6-linux-x86_64.jar;C:\repo\org\bytedeco\tesseract\4.1.1-1.5.6\tesseract-4.1.1-1.5.6-linux-armhf.jar;C:\repo\org\bytedeco\tesseract\4.1.1-1.5.6\tesseract-4.1.1-1.5.6-linux-arm64.jar;C:\repo\org\bytedeco\tesseract\4.1.1-1.5.6\tesseract-4.1.1-1.5.6-linux-ppc64le.jar;C:\repo\org\bytedeco\tesseract\4.1.1-1.5.6\tesseract-4.1.1-1.5.6-macosx-x86_64.jar;C:\repo\org\bytedeco\tesseract\4.1.1-1.5.6\tesseract-4.1.1-1.5.6-windows-x86.jar;C:\repo\org\bytedeco\tesseract\4.1.1-1.5.6\tesseract-4.1.1-1.5.6-windows-x86_64.jar;C:\repo\org\bytedeco\ffmpeg-platform\4.4-1.5.6\ffmpeg-platform-4.4-1.5.6.jar;C:\repo\org\bytedeco\javacpp-platform\1.5.6\javacpp-platform-1.5.6.jar;C:\repo\org\bytedeco\javacpp\1.5.6\javacpp-1.5.6-android-arm.jar;C:\repo\org\bytedeco\javacpp\1.5.6\javacpp-1.5.6-android-arm64.jar;C:\repo\org\bytedeco\javacpp\1.5.6\javacpp-1.5.6-android-x86.jar;C:\repo\org\bytedeco\javacpp\1.5.6\javacpp-1.5.6-android-x86_64.jar;C:\repo\org\bytedeco\javacpp\1.5.6\javacpp-1.5.6-ios-arm64.jar;C:\repo\org\bytedeco\javacpp\1.5.6\javacpp-1.5.6-ios-x86_64.jar;C:\repo\org\bytedeco\javacpp\1.5.6\javacpp-1.5.6-linux-armhf.jar;C:\repo\org\bytedeco\javacpp\1.5.6\javacpp-1.5.6-linux-arm64.jar;C:\repo\org\bytedeco\javacpp\1.5.6\javacpp-1.5.6-linux-ppc64le.jar;C:\repo\org\bytedeco\javacpp\1.5.6\javacpp-1.5.6-linux-x86.jar;C:\repo\org\bytedeco\javacpp\1.5.6\javacpp-1.5.6-linux-x86_64.jar;C:\repo\org\bytedeco\javacpp\1.5.6\javacpp-1.5.6-macosx-arm64.jar;C:\repo\org\bytedeco\javacpp\1.5.6\javacpp-1.5.6-macosx-x86_64.jar;C:\repo\org\bytedeco\javacpp\1.5.6\javacpp-1.5.6-windows-x86.jar;C:\repo\org\bytedeco\javacpp\1.5.6\javacpp-1.5.6-windows-x86_64.jar;C:\repo\org\bytedeco\ffmpeg\4.4-1.5.6\ffmpeg-4.4-1.5.6-android-arm.jar;C:\repo\org\bytedeco\ffmpeg\4.4-1.5.6\ffmpeg-4.4-1.5.6-android-arm64.jar;C:\repo\org\bytedeco\ffmpeg\4.4-1.5.6\ffmpeg-4.4-1.5.6-android-x86.jar;C:\repo\org\bytedeco\ffmpeg\4.4-1.5.6\ffmpeg-4.4-1.5.6-android-x86_64.jar;C:\repo\org\bytedeco\ffmpeg\4.4-1.5.6\ffmpeg-4.4-1.5.6-linux-x86.jar;C:\repo\org\bytedeco\ffmpeg\4.4-1.5.6\ffmpeg-4.4-1.5.6-linux-x86_64.jar;C:\repo\org\bytedeco\ffmpeg\4.4-1.5.6\ffmpeg-4.4-1.5.6-linux-armhf.jar;C:\repo\org\bytedeco\ffmpeg\4.4-1.5.6\ffmpeg-4.4-1.5.6-linux-arm64.jar;C:\repo\org\bytedeco\ffmpeg\4.4-1.5.6\ffmpeg-4.4-1.5.6-linux-ppc64le.jar;C:\repo\org\bytedeco\ffmpeg\4.4-1.5.6\ffmpeg-4.4-1.5.6-macosx-x86_64.jar;C:\repo\org\bytedeco\ffmpeg\4.4-1.5.6\ffmpeg-4.4-1.5.6-windows-x86.jar;C:\repo\org\bytedeco\ffmpeg\4.4-1.5.6\ffmpeg-4.4-1.5.6-windows-x86_64.jar;C:\repo\org\jcodec\jcodec\0.2.5\jcodec-0.2.5.jar;C:\repo\org\jcodec\jcodec-javase\0.2.5\jcodec-javase-0.2.5.jar;C:\repo\com\baidu\aip\java-sdk\4.16.8\java-sdk-4.16.8.jar;C:\repo\org\json\json\20160810\json-20160810.jar;C:\repo\org\slf4j\slf4j-api\2.0.9\slf4j-api-2.0.9.jar;C:\repo\com\googlecode\soundlibs\mp3spi\1.9.5.4\mp3spi-1.9.5.4.jar;C:\repo\com\googlecode\soundlibs\jlayer\1.0.1.4\jlayer-1.0.1.4.jar;C:\repo\junit\junit\4.13.2\junit-4.13.2.jar;C:\repo\org\hamcrest\hamcrest-core\2.2\hamcrest-core-2.2.jar;C:\repo\com\googlecode\soundlibs\tritonus-share\0.3.7.4\tritonus-share-0.3.7.4.jar;D:\NewProjectT\mksz-853 SpringCloud+Netty集群实战千万级 IM系统\课程源码\wechat-dev-project\后端源码\仿微信集群(第十二章完)\wechat-dev\wechat-pojo\target\wechat-pojo-1.0-SNAPSHOT.jar;D:\NewProjectT\mksz-853 SpringCloud+Netty集群实战千万级 IM系统\课程源码\wechat-dev-project\后端源码\仿微信集群(第十二章完)\wechat-dev\wechat-common\target\wechat-common-1.0-SNAPSHOT.jar;C:\repo\org\springframework\boot\spring-boot-starter-web\3.0.13\spring-boot-starter-web-3.0.13.jar;C:\repo\org\springframework\boot\spring-boot-starter-json\3.0.13\spring-boot-starter-json-3.0.13.jar;C:\repo\com\fasterxml\jackson\datatype\jackson-datatype-jdk8\2.14.3\jackson-datatype-jdk8-2.14.3.jar;C:\repo\com\fasterxml\jackson\datatype\jackson-datatype-jsr310\2.14.3\jackson-datatype-jsr310-2.14.3.jar;C:\repo\com\fasterxml\jackson\module\jackson-module-parameter-names\2.14.3\jackson-module-parameter-names-2.14.3.jar;C:\repo\org\springframework\boot\spring-boot-starter-tomcat\3.0.13\spring-boot-starter-tomcat-3.0.13.jar;C:\repo\org\apache\tomcat\embed\tomcat-embed-core\10.1.16\tomcat-embed-core-10.1.16.jar;C:\repo\org\apache\tomcat\embed\tomcat-embed-el\10.1.16\tomcat-embed-el-10.1.16.jar;C:\repo\org\apache\tomcat\embed\tomcat-embed-websocket\10.1.16\tomcat-embed-websocket-10.1.16.jar;C:\repo\org\springframework\spring-web\6.0.14\spring-web-6.0.14.jar;C:\repo\org\springframework\spring-webmvc\6.0.14\spring-webmvc-6.0.14.jar;C:\repo\org\springframework\boot\spring-boot-configuration-processor\3.0.13\spring-boot-configuration-processor-3.0.13.jar;C:\repo\org\springframework\boot\spring-boot-starter-aop\3.0.13\spring-boot-starter-aop-3.0.13.jar;C:\repo\org\springframework\spring-aop\6.0.14\spring-aop-6.0.14.jar;C:\repo\org\aspectj\aspectjweaver\1.9.20.1\aspectjweaver-1.9.20.1.jar;C:\repo\org\springframework\spring-test\6.0.14\spring-test-6.0.14.jar;C:\repo\org\springframework\boot\spring-boot-starter-test\3.0.13\spring-boot-starter-test-3.0.13.jar;C:\repo\org\springframework\boot\spring-boot-test\3.0.13\spring-boot-test-3.0.13.jar;C:\repo\org\springframework\boot\spring-boot-test-autoconfigure\3.0.13\spring-boot-test-autoconfigure-3.0.13.jar;C:\repo\com\jayway\jsonpath\json-path\2.7.0\json-path-2.7.0.jar;C:\repo\net\minidev\json-smart\2.4.11\json-smart-2.4.11.jar;C:\repo\net\minidev\accessors-smart\2.4.11\accessors-smart-2.4.11.jar;C:\repo\org\ow2\asm\asm\9.3\asm-9.3.jar;C:\repo\jakarta\xml\bind\jakarta.xml.bind-api\4.0.1\jakarta.xml.bind-api-4.0.1.jar;C:\repo\jakarta\activation\jakarta.activation-api\2.1.2\jakarta.activation-api-2.1.2.jar;C:\repo\org\assertj\assertj-core\3.23.1\assertj-core-3.23.1.jar;C:\repo\net\bytebuddy\byte-buddy\1.12.23\byte-buddy-1.12.23.jar;C:\repo\org\hamcrest\hamcrest\2.2\hamcrest-2.2.jar;C:\repo\org\junit\jupiter\junit-jupiter\5.9.3\junit-jupiter-5.9.3.jar;C:\repo\org\junit\jupiter\junit-jupiter-api\5.9.3\junit-jupiter-api-5.9.3.jar;C:\repo\org\opentest4j\opentest4j\1.2.0\opentest4j-1.2.0.jar;C:\repo\org\junit\platform\junit-platform-commons\1.9.3\junit-platform-commons-1.9.3.jar;C:\repo\org\apiguardian\apiguardian-api\1.1.2\apiguardian-api-1.1.2.jar;C:\repo\org\junit\jupiter\junit-jupiter-params\5.9.3\junit-jupiter-params-5.9.3.jar;C:\repo\org\junit\jupiter\junit-jupiter-engine\5.9.3\junit-jupiter-engine-5.9.3.jar;C:\repo\org\junit\platform\junit-platform-engine\1.9.3\junit-platform-engine-1.9.3.jar;C:\repo\org\mockito\mockito-core\4.8.1\mockito-core-4.8.1.jar;C:\repo\net\bytebuddy\byte-buddy-agent\1.12.23\byte-buddy-agent-1.12.23.jar;C:\repo\org\objenesis\objenesis\3.2\objenesis-3.2.jar;C:\repo\org\mockito\mockito-junit-jupiter\4.8.1\mockito-junit-jupiter-4.8.1.jar;C:\repo\org\skyscreamer\jsonassert\1.5.1\jsonassert-1.5.1.jar;C:\repo\com\vaadin\external\google\android-json\0.0.20131108.vaadin1\android-json-0.0.20131108.vaadin1.jar;C:\repo\org\xmlunit\xmlunit-core\2.9.1\xmlunit-core-2.9.1.jar;C:\repo\org\springframework\cloud\spring-cloud-starter-openfeign\4.0.4\spring-cloud-starter-openfeign-4.0.4.jar;C:\repo\org\springframework\cloud\spring-cloud-starter\4.0.4\spring-cloud-starter-4.0.4.jar;C:\repo\org\springframework\security\spring-security-rsa\1.0.12.RELEASE\spring-security-rsa-1.0.12.RELEASE.jar;C:\repo\org\bouncycastle\bcpkix-jdk18on\1.73\bcpkix-jdk18on-1.73.jar;C:\repo\org\bouncycastle\bcprov-jdk18on\1.73\bcprov-jdk18on-1.73.jar;C:\repo\org\bouncycastle\bcutil-jdk18on\1.73\bcutil-jdk18on-1.73.jar;C:\repo\org\springframework\cloud\spring-cloud-openfeign-core\4.0.4\spring-cloud-openfeign-core-4.0.4.jar;C:\repo\io\github\openfeign\form\feign-form-spring\3.8.0\feign-form-spring-3.8.0.jar;C:\repo\io\github\openfeign\form\feign-form\3.8.0\feign-form-3.8.0.jar;C:\repo\org\springframework\cloud\spring-cloud-commons\4.0.4\spring-cloud-commons-4.0.4.jar;C:\repo\org\springframework\security\spring-security-crypto\6.0.8\spring-security-crypto-6.0.8.jar;C:\repo\io\github\openfeign\feign-core\12.4\feign-core-12.4.jar;C:\repo\io\github\openfeign\feign-slf4j\12.4\feign-slf4j-12.4.jar;C:\repo\com\alibaba\cloud\spring-cloud-starter-alibaba-nacos-discovery\2022.0.0.0\spring-cloud-starter-alibaba-nacos-discovery-2022.0.0.0.jar;C:\repo\com\alibaba\cloud\spring-cloud-alibaba-commons\2022.0.0.0\spring-cloud-alibaba-commons-2022.0.0.0.jar;C:\repo\com\alibaba\nacos\nacos-client\2.2.1\nacos-client-2.2.1.jar;C:\repo\com\alibaba\nacos\nacos-auth-plugin\2.2.1\nacos-auth-plugin-2.2.1.jar;C:\repo\com\alibaba\nacos\nacos-encryption-plugin\2.2.1\nacos-encryption-plugin-2.2.1.jar;C:\repo\org\apache\httpcomponents\httpasyncclient\4.1.5\httpasyncclient-4.1.5.jar;C:\repo\org\apache\httpcomponents\httpcore\4.4.16\httpcore-4.4.16.jar;C:\repo\org\apache\httpcomponents\httpcore-nio\4.4.16\httpcore-nio-4.4.16.jar;C:\repo\org\apache\httpcomponents\httpclient\4.5.14\httpclient-4.5.14.jar;C:\repo\io\prometheus\simpleclient\0.16.0\simpleclient-0.16.0.jar;C:\repo\io\prometheus\simpleclient_tracer_otel\0.16.0\simpleclient_tracer_otel-0.16.0.jar;C:\repo\io\prometheus\simpleclient_tracer_common\0.16.0\simpleclient_tracer_common-0.16.0.jar;C:\repo\io\prometheus\simpleclient_tracer_otel_agent\0.16.0\simpleclient_tracer_otel_agent-0.16.0.jar;C:\repo\com\alibaba\spring\spring-context-support\1.0.11\spring-context-support-1.0.11.jar;C:\repo\org\springframework\cloud\spring-cloud-context\4.0.4\spring-cloud-context-4.0.4.jar;C:\repo\com\alibaba\cloud\spring-cloud-starter-alibaba-nacos-config\2022.0.0.0\spring-cloud-starter-alibaba-nacos-config-2022.0.0.0.jar;C:\repo\org\springframework\cloud\spring-cloud-starter-bootstrap\4.0.4\spring-cloud-starter-bootstrap-4.0.4.jar;C:\repo\org\springframework\cloud\spring-cloud-starter-loadbalancer\4.0.4\spring-cloud-starter-loadbalancer-4.0.4.jar;C:\repo\org\springframework\cloud\spring-cloud-loadbalancer\4.0.4\spring-cloud-loadbalancer-4.0.4.jar;C:\repo\io\projectreactor\reactor-core\3.5.12\reactor-core-3.5.12.jar;C:\repo\org\reactivestreams\reactive-streams\1.0.4\reactive-streams-1.0.4.jar;C:\repo\io\projectreactor\addons\reactor-extra\3.5.1\reactor-extra-3.5.1.jar;C:\repo\org\springframework\boot\spring-boot-starter-cache\3.0.13\spring-boot-starter-cache-3.0.13.jar;C:\repo\org\springframework\spring-context-support\6.0.14\spring-context-support-6.0.14.jar;C:\repo\com\stoyanr\evictor\1.0.0\evictor-1.0.0.jar;C:\repo\org\springframework\boot\spring-boot-starter-data-redis\3.0.13\spring-boot-starter-data-redis-3.0.13.jar;C:\repo\org\springframework\data\spring-data-redis\3.0.12\spring-data-redis-3.0.12.jar;C:\repo\org\springframework\data\spring-data-keyvalue\3.0.12\spring-data-keyvalue-3.0.12.jar;C:\repo\org\springframework\data\spring-data-commons\3.0.12\spring-data-commons-3.0.12.jar;C:\repo\org\springframework\spring-oxm\6.0.14\spring-oxm-6.0.14.jar;C:\repo\io\lettuce\lettuce-core\6.2.7.RELEASE\lettuce-core-6.2.7.RELEASE.jar;C:\repo\io\netty\netty-common\4.1.101.Final\netty-common-4.1.101.Final.jar;C:\repo\io\netty\netty-handler\4.1.101.Final\netty-handler-4.1.101.Final.jar;C:\repo\io\netty\netty-resolver\4.1.101.Final\netty-resolver-4.1.101.Final.jar;C:\repo\io\netty\netty-buffer\4.1.101.Final\netty-buffer-4.1.101.Final.jar;C:\repo\io\netty\netty-transport-native-unix-common\4.1.101.Final\netty-transport-native-unix-common-4.1.101.Final.jar;C:\repo\io\netty\netty-codec\4.1.101.Final\netty-codec-4.1.101.Final.jar;C:\repo\io\netty\netty-transport\4.1.101.Final\netty-transport-4.1.101.Final.jar;C:\repo\com\mysql\mysql-connector-j\8.3.0\mysql-connector-j-8.3.0.jar;C:\repo\com\google\protobuf\protobuf-java\3.25.1\protobuf-java-3.25.1.jar;C:\repo\com\baomidou\mybatis-plus-boot-starter\3.5.5\mybatis-plus-boot-starter-3.5.5.jar;C:\repo\com\baomidou\mybatis-plus\3.5.5\mybatis-plus-3.5.5.jar;C:\repo\com\baomidou\mybatis-plus-core\3.5.5\mybatis-plus-core-3.5.5.jar;C:\repo\com\baomidou\mybatis-plus-annotation\3.5.5\mybatis-plus-annotation-3.5.5.jar;C:\repo\com\baomidou\mybatis-plus-extension\3.5.5\mybatis-plus-extension-3.5.5.jar;C:\repo\org\mybatis\mybatis\3.5.15\mybatis-3.5.15.jar;C:\repo\com\github\jsqlparser\jsqlparser\4.6\jsqlparser-4.6.jar;C:\repo\com\baomidou\mybatis-plus-spring-boot-autoconfigure\3.5.5\mybatis-plus-spring-boot-autoconfigure-3.5.5.jar;C:\repo\org\springframework\boot\spring-boot-starter-jdbc\3.0.13\spring-boot-starter-jdbc-3.0.13.jar;C:\repo\com\zaxxer\HikariCP\5.0.1\HikariCP-5.0.1.jar;C:\repo\org\springframework\spring-jdbc\6.0.14\spring-jdbc-6.0.14.jar;C:\repo\org\mybatis\mybatis-spring\3.0.3\mybatis-spring-3.0.3.jar;C:\repo\org\projectlombok\lombok\1.18.30\lombok-1.18.30.jar;C:\repo\commons-codec\commons-codec\1.15\commons-codec-1.15.jar;C:\repo\org\apache\commons\commons-lang3\3.12.0\commons-lang3-3.12.0.jar;C:\repo\commons-fileupload\commons-fileupload\1.4\commons-fileupload-1.4.jar;C:\repo\commons-io\commons-io\2.11.0\commons-io-2.11.0.jar;C:\repo\com\tencentcloudapi\tencentcloud-sdk-java\3.1.598\tencentcloud-sdk-java-3.1.598.jar;C:\repo\commons-logging\commons-logging\1.2\commons-logging-1.2.jar;C:\repo\com\squareup\okhttp\okhttp\2.7.5\okhttp-2.7.5.jar;C:\repo\com\google\code\gson\gson\2.9.1\gson-2.9.1.jar;C:\repo\javax\xml\bind\jaxb-api\2.3.0\jaxb-api-2.3.0.jar;C:\repo\com\squareup\okhttp\logging-interceptor\2.7.5\logging-interceptor-2.7.5.jar;C:\repo\org\ini4j\ini4j\0.5.4\ini4j-0.5.4.jar;C:\repo\com\google\zxing\core\3.4.1\core-3.4.1.jar;C:\repo\org\hibernate\validator\hibernate-validator\8.0.1.Final\hibernate-validator-8.0.1.Final.jar;C:\repo\jakarta\validation\jakarta.validation-api\3.0.2\jakarta.validation-api-3.0.2.jar;C:\repo\org\jboss\logging\jboss-logging\3.5.3.Final\jboss-logging-3.5.3.Final.jar;C:\repo\com\fasterxml\classmate\1.5.1\classmate-1.5.1.jar;"/>
    <property name="sun.cpu.endian" value="little"/>
    <property name="user.home" value="C:\Users\clyxmz"/>
    <property name="user.language" value="zh"/>
    <property name="java.specification.vendor" value="Oracle Corporation"/>
    <property name="java.version.date" value="2023-10-17"/>
    <property name="java.home" value="F:\Java\jdk17"/>
    <property name="file.separator" value="\"/>
    <property name="basedir" value="D:\NewProjectT\mksz-853 SpringCloud+Netty集群实战千万级 IM系统\课程源码\wechat-dev-project\后端源码\仿微信集群(第十二章完)\wechat-dev\api\file-service-55"/>
    <property name="java.vm.compressedOopsMode" value="Zero based"/>
    <property name="line.separator" value="&#10;"/>
    <property name="java.vm.specification.vendor" value="Oracle Corporation"/>
    <property name="java.specification.name" value="Java Platform API Specification"/>
    <property name="surefire.real.class.path" value="C:\Users\clyxmz\AppData\Local\Temp\surefire6102136001640629849\surefirebooter12504348798582433446.jar"/>
    <property name="user.script" value=""/>
    <property name="sun.management.compiler" value="HotSpot 64-Bit Tiered Compilers"/>
    <property name="java.runtime.version" value="17.0.9+11-LTS-201"/>
    <property name="user.name" value="叫爹打开电脑"/>
    <property name="path.separator" value=";"/>
    <property name="os.version" value="10.0"/>
    <property name="java.runtime.name" value="Java(TM) SE Runtime Environment"/>
    <property name="file.encoding" value="GBK"/>
    <property name="java.vm.name" value="Java HotSpot(TM) 64-Bit Server VM"/>
    <property name="localRepository" value="C:\repo"/>
    <property name="java.vendor.url.bug" value="https://bugreport.java.com/bugreport/"/>
    <property name="java.io.tmpdir" value="C:\Users\clyxmz\AppData\Local\Temp\"/>
    <property name="idea.version" value="2023.1.1"/>
    <property name="java.version" value="17.0.9"/>
    <property name="user.dir" value="D:\NewProjectT\mksz-853 SpringCloud+Netty集群实战千万级 IM系统\课程源码\wechat-dev-project\后端源码\仿微信集群(第十二章完)\wechat-dev\api\file-service-55"/>
    <property name="os.arch" value="amd64"/>
    <property name="java.vm.specification.name" value="Java Virtual Machine Specification"/>
    <property name="sun.os.patch.level" value=""/>
    <property name="native.encoding" value="GBK"/>
    <property name="java.library.path" value="F:\Java\jdk17\bin;C:\Windows\Sun\Java\bin;C:\Windows\system32;C:\Windows;D:\Python\Scripts\;D:\Python\;F:\java\jdk17\bin;F:\java\jdk17\jre\bin;C:\Program Files\Common Files\Oracle\Java\javapath;C:\Program Files (x86)\Common Files\Oracle\Java\javapath;D:\虚拟机\bin\;C:;Program Files\Common Files\Oracle\Java\javapath;C:\Windows\system32;C:\Windows;C:\Windows\System32\Wbem;C:\Windows\System32\WindowsPowerShell\v1.0\;C:\Windows\System32\OpenSSH\;C:\Program Files (x86)\NVIDIA Corporation\PhysX\Common;%CATALINA_HOME%\bin;%CATALINA_HOME%\lib;D:\GIT\Git\cmd;D:\Node\;C:\Program Files\python;C:\Program Files\python\Scripts;D:\BtSoft\panel\script;E:\;E:\前端工程搭建\ffmpeg-2023-04-17-git-65e537b833-full_build\bin;&quot;F:\demo1\apache-maven-3.5.3\bin;F:\demo1\apache-maven-3.5.3\bin&quot;;F:\demo1\apache-maven-3.5.3;D:\Python\Scripts;;C:\Program Files\NVIDIA Corporation\NVIDIA app\NvDLISR;C:\Program Files\Docker\Docker\resources\bin;%USERPROFILE%\AppData\Local\Microsoft\WindowsApps;C:\Program Files\Bandizip\;F:\xmzsql\mysql-5.7.19-winx64\bin;%M2_home%\bin;C:\Program Files\MySQL\MySQL Server 8.0\bin;C:\Users\clyxmz\AppData\Local\GitHubDesktop\bin;C:\Users\clyxmz\AppData\Roaming\npm;D:\新建文件夹\Microsoft VS Code\bin;F:\\win64;%PyCharm Community Edition%;F:\Mollesim\win64;."/>
    <property name="java.vm.info" value="mixed mode, sharing"/>
    <property name="java.vendor" value="Oracle Corporation"/>
    <property name="java.vm.version" value="17.0.9+11-LTS-201"/>
    <property name="sun.io.unicode.encoding" value="UnicodeLittle"/>
    <property name="java.class.version" value="61.0"/>
  </properties>
  <testcase name="testUpload" classname="org.itzixi.test.MinIOTest" time="0.827">
    <error message="Failed to connect to /127.0.0.1:8000" type="java.net.ConnectException">java.net.ConnectException: Failed to connect to /127.0.0.1:8000
Caused by: java.net.ConnectException: Connection refused: no further information
</error>
  </testcase>
</testsuite>